<?xml version="1.0" encoding="UTF-8"?>
<!-- Generated by org.testng.reporters.JUnitReportReporter -->
<testsuite skipped="0" hostname="Tanmay" name="com.training.testng.NewTest" tests="3" failures="0" timestamp="2019-12-23T09:42:48 IST" time="86.961" errors="0">
  <testcase name="openBroswer" time="10.497" classname="com.training.testng.NewTest"/>
  <testcase name="login" time="4.554" classname="com.training.testng.NewTest"/>
  <testcase name="login" time="71.910" classname="com.training.testng.NewTest"/>
</testsuite> <!-- com.training.testng.NewTest -->
