<?xml version="1.0" encoding="UTF-8"?>
<!-- Generated by org.testng.reporters.JUnitReportReporter -->
<testsuite skipped="0" hostname="Tanmay" name="com.demo.NewTest" tests="1" failures="0" timestamp="2019-12-22T21:55:28 IST" time="14.152" errors="0">
  <testcase name="f" time="14.152" classname="com.demo.NewTest"/>
</testsuite> <!-- com.demo.NewTest -->
