<?xml version="1.0" encoding="UTF-8"?>
<!-- Generated by org.testng.reporters.JUnitReportReporter -->
<testsuite skipped="0" hostname="Tanmay" name="com.training.beans.NewTest" tests="3" failures="0" timestamp="2019-12-22T22:08:25 IST" time="25.068" errors="0">
  <testcase name="openBrowser" time="9.855" classname="com.training.beans.NewTest"/>
  <testcase name="loginTest" time="7.600" classname="com.training.beans.NewTest"/>
  <testcase name="loginTest" time="7.613" classname="com.training.beans.NewTest"/>
</testsuite> <!-- com.training.beans.NewTest -->
